<?xml version="1.0" encoding="UTF-8"?>
<!-- Generated by org.testng.reporters.JUnitReportReporter -->
<testsuite hostname="DESKTOP-5JJU8NS" failures="0" tests="1" name="crossBrowserTesting.ChromeBTesting" time="22.724" errors="0" timestamp="2024-01-07T20:06:46 IST" skipped="0">
  <testcase classname="crossBrowserTesting.ChromeBTesting" name="openChromeB" time="22.724"/>
</testsuite> <!-- crossBrowserTesting.ChromeBTesting -->
