<?xml version="1.0" encoding="UTF-8"?>
<!-- Generated by org.testng.reporters.JUnitReportReporter -->
<testsuite hostname="DESKTOP-5JJU8NS" failures="0" tests="1" name="testNG_Study.First_TestNG_Class" time="2.699" errors="0" timestamp="2024-01-12T11:27:05 IST" skipped="0">
  <testcase classname="testNG_Study.First_TestNG_Class" name="sample" time="2.699"/>
</testsuite> <!-- testNG_Study.First_TestNG_Class -->
