<?xml version="1.0" encoding="UTF-8"?>
<!-- Generated by org.testng.reporters.JUnitReportReporter -->
<testsuite hostname="DESKTOP-5JJU8NS" failures="0" tests="1" name="coverFoxTest.CF_TC555_Validate_search_results_for_healthcare_policies" time="25.719" errors="0" timestamp="2024-01-08T16:03:36 IST" skipped="0">
  <testcase classname="coverFoxTest.CF_TC555_Validate_search_results_for_healthcare_policies" name="validateTestPlansFromTextAndBanners" time="25.719">
    <system-out>
      <![CDATA[Fetching number of results from text
Fetching number of results from banners
TC is passed
Taking screenshot
Saved screenshot at D:\Automation+TCID_2024.01.08.16.03.31.png]]>
    </system-out>
  </testcase> <!-- validateTestPlansFromTextAndBanners -->
  <system-out>
    <![CDATA[Launching Browser
clicking on gender button
clicking on next button
Handeling age drop down
Reading data from excel sheet
clicking on next button
Entering pin code
Reading data from excel sheet
Entering mobile num
Reading data from excel sheet
clicking on continue button
Fetching number of results from text
Fetching number of results from banners
TC is passed
Taking screenshot
Saved screenshot at D:\Automation+TCID_2024.01.08.16.03.31.png
Closing Browser]]>
  </system-out>
</testsuite> <!-- coverFoxTest.CF_TC555_Validate_search_results_for_healthcare_policies -->
